<?xml version="1.0" encoding="UTF-8"?>
<!-- Generated by org.testng.reporters.JUnitXMLReporter -->
<testsuite ignored="1" hostname="DESKTOP-5A7ANQT" failures="0" tests="1" name="Default test" time="0.129" errors="0" timestamp="2023-02-10T14:59:08 IST">
  <testcase classname="TestNGPack.TestNgClass2" name="@BeforeTest openBrowser" time="-1.676021348184E9">
    <failure type="org.testng.TestNGException" message="
Parameter &amp;apos;browser&amp;apos; is required by BeforeTest on method openBrowser but has not been marked @Optional or defined
in C:\Users\DELL\AppData\Local\Temp\testng-eclipse-2002539083\testng-customsuite.xml">
      <![CDATA[org.testng.TestNGException: 
Parameter 'browser' is required by BeforeTest on method openBrowser but has not been marked @Optional or defined
in C:\Users\DELL\AppData\Local\Temp\testng-eclipse-2002539083\testng-customsuite.xml
at org.testng.internal.Parameters.createParams(Parameters.java:270)
at org.testng.internal.Parameters.createParametersForMethod(Parameters.java:358)
at org.testng.internal.Parameters.createParameters(Parameters.java:700)
at org.testng.internal.Parameters.createConfigurationParameters(Parameters.java:168)
at org.testng.internal.ConfigInvoker.invokeConfigurations(ConfigInvoker.java:302)
at org.testng.TestRunner.invokeTestConfigurations(TestRunner.java:637)
at org.testng.TestRunner.beforeRun(TestRunner.java:627)
at org.testng.TestRunner.run(TestRunner.java:589)
at org.testng.SuiteRunner.runTest(SuiteRunner.java:377)
at org.testng.SuiteRunner.runSequentially(SuiteRunner.java:371)
at org.testng.SuiteRunner.privateRun(SuiteRunner.java:332)
at org.testng.SuiteRunner.run(SuiteRunner.java:276)
at org.testng.SuiteRunnerWorker.runSuite(SuiteRunnerWorker.java:53)
at org.testng.SuiteRunnerWorker.run(SuiteRunnerWorker.java:96)
at org.testng.TestNG.runSuitesSequentially(TestNG.java:1212)
at org.testng.TestNG.runSuitesLocally(TestNG.java:1134)
at org.testng.TestNG.runSuites(TestNG.java:1063)
at org.testng.TestNG.run(TestNG.java:1031)
at org.testng.remote.AbstractRemoteTestNG.run(AbstractRemoteTestNG.java:115)
at org.testng.remote.RemoteTestNG.initAndRun(RemoteTestNG.java:251)
at org.testng.remote.RemoteTestNG.main(RemoteTestNG.java:77)
]]>
    </failure>
  </testcase> <!-- @BeforeTest openBrowser -->
  <testcase classname="TestNGPack.TestNgClass2" name="@BeforeClass classObject" time="-1.67602134824E9">
    <skipped/>
  </testcase> <!-- @BeforeClass classObject -->
  <testcase classname="TestNGPack.TestNgClass2" name="@BeforeMethod openUrl" time="-1.676021348268E9">
    <skipped/>
  </testcase> <!-- @BeforeMethod openUrl -->
  <testcase classname="TestNGPack.TestNgClass2" name="@AfterMethod closed" time="-1.676021348283E9">
    <skipped/>
  </testcase> <!-- @AfterMethod closed -->
  <testcase classname="TestNGPack.TestNgClass2" name="@AfterClass classnull" time="-1.676021348297E9">
    <skipped/>
  </testcase> <!-- @AfterClass classnull -->
  <testcase classname="TestNGPack.TestNgClass2" name="@AfterTest close" time="-1.676021348302E9">
    <skipped/>
  </testcase> <!-- @AfterTest close -->
  <testcase classname="TestNGPack.TestNgClass2" name="verifyUrl" time="0.0">
    <skipped/>
  </testcase> <!-- verifyUrl -->
  <testcase classname="TestNGPack.TestNgClass2" name="verifyURL2" time="0.0">
    <ignored/>
  </testcase> <!-- verifyURL2 -->
</testsuite> <!-- Default test -->
